<?xml version="1.0" encoding="UTF-8"?>
<!-- Generated by org.testng.reporters.JUnitReportReporter -->
<testsuite hostname="ARISTA113-PC" failures="0" tests="2" name="com.API_Demo.test.APIDemo_Test" time="1.973" errors="0" timestamp="2024-10-10T21:16:44 IST" skipped="0">
  <testcase classname="com.API_Demo.test.APIDemo_Test" name="testPostAPI" time="1.001"/>
  <system-out/>
  <testcase classname="com.API_Demo.test.APIDemo_Test" name="testGetAPI" time="0.972"/>
  <system-out/>
</testsuite> <!-- com.API_Demo.test.APIDemo_Test -->
